Determining if the pthread_create exist failed with the following output:
Change Dir: /home/jrv/Research/RoboticArcitecture/abb_experimental_ws/build/rosserial_python/CMakeFiles/CMakeTmp

Run Build Command:"/usr/bin/make" "cmTC_5a49d/fast"
/usr/bin/make -f CMakeFiles/cmTC_5a49d.dir/build.make CMakeFiles/cmTC_5a49d.dir/build
make[1]: Entering directory '/home/jrv/Research/RoboticArcitecture/abb_experimental_ws/build/rosserial_python/CMakeFiles/CMakeTmp'
Building C object CMakeFiles/cmTC_5a49d.dir/CheckSymbolExists.c.o
/usr/bin/cc    -o CMakeFiles/cmTC_5a49d.dir/CheckSymbolExists.c.o   -c /home/jrv/Research/RoboticArcitecture/abb_experimental_ws/build/rosserial_python/CMakeFiles/CMakeTmp/CheckSymbolExists.c
Linking C executable cmTC_5a49d
/usr/local/bin/cmake -E cmake_link_script CMakeFiles/cmTC_5a49d.dir/link.txt --verbose=1
/usr/bin/cc      -rdynamic CMakeFiles/cmTC_5a49d.dir/CheckSymbolExists.c.o  -o cmTC_5a49d 
CMakeFiles/cmTC_5a49d.dir/CheckSymbolExists.c.o: In function `main':
CheckSymbolExists.c:(.text+0x16): undefined reference to `pthread_create'
collect2: error: ld returned 1 exit status
CMakeFiles/cmTC_5a49d.dir/build.make:97: recipe for target 'cmTC_5a49d' failed
make[1]: *** [cmTC_5a49d] Error 1
make[1]: Leaving directory '/home/jrv/Research/RoboticArcitecture/abb_experimental_ws/build/rosserial_python/CMakeFiles/CMakeTmp'
Makefile:126: recipe for target 'cmTC_5a49d/fast' failed
make: *** [cmTC_5a49d/fast] Error 2

File /home/jrv/Research/RoboticArcitecture/abb_experimental_ws/build/rosserial_python/CMakeFiles/CMakeTmp/CheckSymbolExists.c:
/* */
#include <pthread.h>

int main(int argc, char** argv)
{
  (void)argv;
#ifndef pthread_create
  return ((int*)(&pthread_create))[argc];
#else
  (void)argc;
  return 0;
#endif
}

Determining if the function pthread_create exists in the pthreads failed with the following output:
Change Dir: /home/jrv/Research/RoboticArcitecture/abb_experimental_ws/build/rosserial_python/CMakeFiles/CMakeTmp

Run Build Command:"/usr/bin/make" "cmTC_b2bab/fast"
/usr/bin/make -f CMakeFiles/cmTC_b2bab.dir/build.make CMakeFiles/cmTC_b2bab.dir/build
make[1]: Entering directory '/home/jrv/Research/RoboticArcitecture/abb_experimental_ws/build/rosserial_python/CMakeFiles/CMakeTmp'
Building C object CMakeFiles/cmTC_b2bab.dir/CheckFunctionExists.c.o
/usr/bin/cc   -DCHECK_FUNCTION_EXISTS=pthread_create   -o CMakeFiles/cmTC_b2bab.dir/CheckFunctionExists.c.o   -c /usr/local/share/cmake-3.9/Modules/CheckFunctionExists.c
Linking C executable cmTC_b2bab
/usr/local/bin/cmake -E cmake_link_script CMakeFiles/cmTC_b2bab.dir/link.txt --verbose=1
/usr/bin/cc  -DCHECK_FUNCTION_EXISTS=pthread_create    -rdynamic CMakeFiles/cmTC_b2bab.dir/CheckFunctionExists.c.o  -o cmTC_b2bab -lpthreads 
/usr/bin/ld: cannot find -lpthreads
collect2: error: ld returned 1 exit status
CMakeFiles/cmTC_b2bab.dir/build.make:97: recipe for target 'cmTC_b2bab' failed
make[1]: *** [cmTC_b2bab] Error 1
make[1]: Leaving directory '/home/jrv/Research/RoboticArcitecture/abb_experimental_ws/build/rosserial_python/CMakeFiles/CMakeTmp'
Makefile:126: recipe for target 'cmTC_b2bab/fast' failed
make: *** [cmTC_b2bab/fast] Error 2


